%このファイルは日本語文字を含みます.
\BOOKMARK [0][-]{chapter.1}{常微分方程式入門}{}% 1
\BOOKMARK [1][-]{section.1.1}{微分方程式とは}{chapter.1}% 2
\BOOKMARK [1][-]{section.1.2}{初期条件，特殊解，一般解 --最も簡単な常微分方程式を通して--}{chapter.1}% 3
\BOOKMARK [1][-]{section.1.3}{微分方程式の解を求めるときのアプローチ}{chapter.1}% 4
\BOOKMARK [1][-]{section.1.4}{物理・化学でよく現れる常微分方程式}{chapter.1}% 5
\BOOKMARK [2][-]{subsection.1.4.1}{ mathgtdydx + a y = 0}{section.1.4}% 6
\BOOKMARK [2][-]{subsection.1.4.2}{ mathgtdydx + a y = g\(x\)}{section.1.4}% 7
\BOOKMARK [2][-]{subsection.1.4.3}{ mathgtd2ydx2 + a \040mathgtdydx + by = 0}{section.1.4}% 8
\BOOKMARK [2][-]{subsection.1.4.4}{ mathgtdy2dx2 2 y =0}{section.1.4}% 9
\BOOKMARK [1][-]{section.1.5}{変数分離}{chapter.1}% 10
\BOOKMARK [2][-]{subsection.1.5.1}{同次形}{section.1.5}% 11
\BOOKMARK [1][-]{section.1.6}{常微分方程式の分類}{chapter.1}% 12
\BOOKMARK [2][-]{subsection.1.6.1}{線形と非線形}{section.1.6}% 13
\BOOKMARK [2][-]{subsection.1.6.2}{斉次と非斉次}{section.1.6}% 14
\BOOKMARK [1][-]{section.1.7}{線形常微分方程式に関する基本的な定理}{chapter.1}% 15
\BOOKMARK [2][-]{subsection.1.7.1}{斉次形 : 解の線形結合もまた解}{section.1.7}% 16
\BOOKMARK [1][-]{section.1.8}{非斉次方程式の解法}{chapter.1}% 17
\BOOKMARK [2][-]{subsection.1.8.1}{未定係数法}{section.1.8}% 18
\BOOKMARK [2][-]{subsection.1.8.2}{定数変化法その1 --簡単な非斉次方程式への応用--}{section.1.8}% 19
\BOOKMARK [2][-]{subsection.1.8.3}{定数変化法その2--斉次方程式への応用--}{section.1.8}% 20
\BOOKMARK [2][-]{subsection.1.8.4}{定数変化法その3 --2階の非斉次線形方程式--}{section.1.8}% 21
\BOOKMARK [0][-]{chapter.2}{フーリエ解析入門}{}% 22
\BOOKMARK [1][-]{section.2.1}{フーリエ級数}{chapter.2}% 23
\BOOKMARK [2][-]{subsection.2.1.1}{三角関数に関する諸公式}{section.2.1}% 24
\BOOKMARK [2][-]{subsection.2.1.2}{複素フーリエ級数}{section.2.1}% 25
\BOOKMARK [2][-]{subsection.2.1.3}{実フーリエ級数}{section.2.1}% 26
\BOOKMARK [2][-]{subsection.2.1.4}{フーリエ級数の展開可能性}{section.2.1}% 27
\BOOKMARK [2][-]{subsection.2.1.5}{フーリエ余弦級数，正弦級数}{section.2.1}% 28
\BOOKMARK [2][-]{subsection.2.1.6}{フーリエ積分}{section.2.1}% 29
\BOOKMARK [1][-]{section.2.2}{ディラックのデルタ関数}{chapter.2}% 30
\BOOKMARK [2][-]{subsection.2.2.1}{デルタ関数が持つ性質}{section.2.2}% 31
\BOOKMARK [2][-]{subsection.2.2.2}{デルタ関数の導関数}{section.2.2}% 32
\BOOKMARK [2][-]{subsection.2.2.3}{デルタ関数の具体的な形}{section.2.2}% 33
\BOOKMARK [2][-]{subsection.2.2.4}{3次元空間のデルタ関数}{section.2.2}% 34
\BOOKMARK [1][-]{section.2.3}{フーリエ変換}{chapter.2}% 35
\BOOKMARK [2][-]{subsection.2.3.1}{3次元空間でのフーリエ変換}{section.2.3}% 36
\BOOKMARK [2][-]{subsection.2.3.2}{デルタ関数のフーリエ変換}{section.2.3}% 37
\BOOKMARK [2][-]{subsection.2.3.3}{フーリエ変換が持つ性質}{section.2.3}% 38
\BOOKMARK [0][-]{chapter.3}{ラプラス解析入門}{}% 39
\BOOKMARK [1][-]{section.3.1}{ラプラス変換・逆変換}{chapter.3}% 40
\BOOKMARK [2][-]{subsection.3.1.1}{ラプラス変換}{section.3.1}% 41
\BOOKMARK [2][-]{subsection.3.1.2}{ラプラス変換が持つ性質}{section.3.1}% 42
\BOOKMARK [2][-]{subsection.3.1.3}{ラプラス逆変換}{section.3.1}% 43
\BOOKMARK [2][-]{subsection.3.1.4}{ラプラス逆変換の性質}{section.3.1}% 44
\BOOKMARK [2][-]{subsection.3.1.5}{ラプラス変換を学ぶ動機 : 線形常微分方程式への応用}{section.3.1}% 45
\BOOKMARK [1][-]{section.3.2}{部分分数展開によるラプラス逆変換}{chapter.3}% 46
\BOOKMARK [2][-]{subsection.3.2.1}{一般論}{section.3.2}% 47
\BOOKMARK [2][-]{subsection.3.2.2}{未定係数法}{section.3.2}% 48
\BOOKMARK [2][-]{subsection.3.2.3}{ヘヴィサイドの方法}{section.3.2}% 49
\BOOKMARK [2][-]{subsection.3.2.4}{混合法}{section.3.2}% 50
\BOOKMARK [1][-]{section.3.3}{線形定数係数常微分方程式}{chapter.3}% 51
\BOOKMARK [1][-]{section.3.4}{ラプラス逆変換しなくても分かること}{chapter.3}% 52
\BOOKMARK [2][-]{subsection.3.4.1}{初期値の定理}{section.3.4}% 53
\BOOKMARK [2][-]{subsection.3.4.2}{最終値の定理}{section.3.4}% 54
\BOOKMARK [0][-]{chapter.4}{偏微分方程式入門}{}% 55
\BOOKMARK [1][-]{section.4.1}{偏微分方程式での問題設定}{chapter.4}% 56
\BOOKMARK [2][-]{subsection.4.1.1}{初期条件}{section.4.1}% 57
\BOOKMARK [2][-]{subsection.4.1.2}{境界条件}{section.4.1}% 58
\BOOKMARK [1][-]{section.4.2}{変数分離法}{chapter.4}% 59
\BOOKMARK [1][-]{section.4.3}{拡散方程式}{chapter.4}% 60
\BOOKMARK [2][-]{subsection.4.3.1}{有限区間での拡散現象}{section.4.3}% 61
\BOOKMARK [2][-]{subsection.4.3.2}{無限区間での拡散現象\(1次元\)}{section.4.3}% 62
\BOOKMARK [2][-]{subsection.4.3.3}{無限区間での拡散現象\(3次元\)}{section.4.3}% 63
\BOOKMARK [1][-]{section.4.4}{波動方程式}{chapter.4}% 64
\BOOKMARK [2][-]{subsection.4.4.1}{波動方程式の導出}{section.4.4}% 65
\BOOKMARK [2][-]{subsection.4.4.2}{無限に広がる媒質中での波}{section.4.4}% 66
