%このファイルは日本語文字を含みます.
\BOOKMARK [0][-]{chapter.1}{常微分方程式入門}{}% 1
\BOOKMARK [1][-]{section.1.1}{微分方程式とは}{chapter.1}% 2
\BOOKMARK [1][-]{section.1.2}{初期条件，特殊解，一般解 --最も簡単な常微分方程式を通して--}{chapter.1}% 3
\BOOKMARK [1][-]{section.1.3}{微分方程式の解を求めるときのアプローチ}{chapter.1}% 4
\BOOKMARK [1][-]{section.1.4}{物理・化学でよく現れる常微分方程式}{chapter.1}% 5
\BOOKMARK [2][-]{subsection.1.4.1}{ mathgtdydx + a y = 0}{section.1.4}% 6
\BOOKMARK [2][-]{subsection.1.4.2}{ mathgtdydx + a y = g\(x\)}{section.1.4}% 7
\BOOKMARK [2][-]{subsection.1.4.3}{ mathgtd2ydx2 + a \040mathgtdydx + by = 0}{section.1.4}% 8
\BOOKMARK [2][-]{subsection.1.4.4}{ mathgtdy2dx2 2 y =0}{section.1.4}% 9
\BOOKMARK [1][-]{section.1.5}{変数分離}{chapter.1}% 10
\BOOKMARK [2][-]{subsection.1.5.1}{同次形}{section.1.5}% 11
\BOOKMARK [1][-]{section.1.6}{常微分方程式の分類}{chapter.1}% 12
\BOOKMARK [2][-]{subsection.1.6.1}{線形と非線形}{section.1.6}% 13
\BOOKMARK [2][-]{subsection.1.6.2}{斉次と非斉次}{section.1.6}% 14
\BOOKMARK [1][-]{section.1.7}{線形常微分方程式に関する基本的な定理}{chapter.1}% 15
\BOOKMARK [2][-]{subsection.1.7.1}{斉次形 : 解の線形結合もまた解}{section.1.7}% 16
\BOOKMARK [1][-]{section.1.8}{非斉次方程式の解法}{chapter.1}% 17
\BOOKMARK [2][-]{subsection.1.8.1}{未定係数法}{section.1.8}% 18
\BOOKMARK [2][-]{subsection.1.8.2}{定数変化法その1 --簡単な非斉次方程式への応用--}{section.1.8}% 19
\BOOKMARK [2][-]{subsection.1.8.3}{定数変化法その2--斉次方程式への応用--}{section.1.8}% 20
\BOOKMARK [2][-]{subsection.1.8.4}{定数変化法その3 --2階の非斉次線形方程式--}{section.1.8}% 21
